[0.008s] Invoking command in '/home/rohit/pcl_ws/build/turtlebot3_gazebo': CMAKE_PREFIX_PATH=${CMAKE_PREFIX_PATH}:/opt/ros/humble /home/rohit/.local/bin/cmake --build /home/rohit/pcl_ws/build/turtlebot3_gazebo -- -j20 -l20
[0.050s] [ 25%] Built target turtlebot3_drive
[0.058s] gmake[2]: *** No rule to make target '/usr/lib/x86_64-linux-gnu/libignition-math6.so.6.12.0', needed by 'libobstacle1.so'.  Stop.
[0.058s] gmake[2]: *** Waiting for unfinished jobs....
[0.058s] gmake[2]: *** No rule to make target '/usr/lib/x86_64-linux-gnu/libignition-math6.so.6.12.0', needed by 'libobstacle2.so'.  Stop.
[0.058s] gmake[2]: *** Waiting for unfinished jobs....
[0.058s] gmake[2]: *** No rule to make target '/usr/lib/x86_64-linux-gnu/libignition-math6.so.6.12.0', needed by 'libobstacles.so'.  Stop.
[0.058s] gmake[2]: *** Waiting for unfinished jobs....
[0.058s] [ 62%] [32mBuilding CXX object CMakeFiles/obstacle1.dir/models/turtlebot3_dqn_world/obstacle_plugin/obstacle1.cc.o[0m
[0.058s] [ 62%] [32mBuilding CXX object CMakeFiles/obstacles.dir/models/turtlebot3_dqn_world/obstacle_plugin/obstacles.cc.o[0m
[0.059s] [ 62%] [32mBuilding CXX object CMakeFiles/obstacle2.dir/models/turtlebot3_dqn_world/obstacle_plugin/obstacle2.cc.o[0m
[7.970s] gmake[1]: *** [CMakeFiles/Makefile2:169: CMakeFiles/obstacle1.dir/all] Error 2
[7.970s] gmake[1]: *** Waiting for unfinished jobs....
[7.970s] gmake[1]: *** [CMakeFiles/Makefile2:221: CMakeFiles/obstacles.dir/all] Error 2
[7.971s] gmake[1]: *** [CMakeFiles/Makefile2:195: CMakeFiles/obstacle2.dir/all] Error 2
[7.971s] gmake: *** [Makefile:146: all] Error 2
[7.975s] Invoked command in '/home/rohit/pcl_ws/build/turtlebot3_gazebo' returned '2': CMAKE_PREFIX_PATH=${CMAKE_PREFIX_PATH}:/opt/ros/humble /home/rohit/.local/bin/cmake --build /home/rohit/pcl_ws/build/turtlebot3_gazebo -- -j20 -l20
