[0.006s] Invoking command in '/home/rohit/pcl_ws/build/turtlebot3_gazebo': /usr/bin/cmake --build /home/rohit/pcl_ws/build/turtlebot3_gazebo -- -j20 -l20
[0.027s] [ 25%] Built target turtlebot3_drive
[0.034s] gmake[2]: *** No rule to make target '/usr/lib/x86_64-linux-gnu/libignition-math6.so.6.12.0', needed by 'libobstacle1.so'.  Stop.
[0.034s] gmake[1]: *** [CMakeFiles/Makefile2:169: CMakeFiles/obstacle1.dir/all] Error 2
[0.034s] gmake[1]: *** Waiting for unfinished jobs....
[0.036s] gmake[2]: *** No rule to make target '/usr/lib/x86_64-linux-gnu/libignition-math6.so.6.12.0', needed by 'libobstacles.so'.  Stop.
[0.036s] gmake[1]: *** [CMakeFiles/Makefile2:221: CMakeFiles/obstacles.dir/all] Error 2
[0.036s] gmake[2]: *** No rule to make target '/usr/lib/x86_64-linux-gnu/libignition-math6.so.6.12.0', needed by 'libobstacle2.so'.  Stop.
[0.036s] gmake[1]: *** [CMakeFiles/Makefile2:195: CMakeFiles/obstacle2.dir/all] Error 2
[0.037s] gmake: *** [Makefile:146: all] Error 2
[0.038s] Invoked command in '/home/rohit/pcl_ws/build/turtlebot3_gazebo' returned '2': /usr/bin/cmake --build /home/rohit/pcl_ws/build/turtlebot3_gazebo -- -j20 -l20
