[0.009s] Invoking command in '/home/rohit/pcl_ws/build/turtlebot3_gazebo': CMAKE_PREFIX_PATH=${CMAKE_PREFIX_PATH}:/home/rohit/pcl_ws/install/point_cloud_processing:/opt/ros/humble /home/rohit/.local/bin/cmake --build /home/rohit/pcl_ws/build/turtlebot3_gazebo -- -j20 -l20
[0.039s] [ 25%] Built target turtlebot3_drive
[0.046s] gmake[2]: *** No rule to make target '/usr/lib/x86_64-linux-gnu/libignition-math6.so.6.12.0', needed by 'libobstacle1.so'.  Stop.
[0.046s] gmake[1]: *** [CMakeFiles/Makefile2:169: CMakeFiles/obstacle1.dir/all] Error 2
[0.047s] gmake[1]: *** Waiting for unfinished jobs....
[0.049s] gmake[2]: *** No rule to make target '/usr/lib/x86_64-linux-gnu/libignition-math6.so.6.12.0', needed by 'libobstacle2.so'.  Stop.
[0.050s] gmake[2]: *** No rule to make target '/usr/lib/x86_64-linux-gnu/libignition-math6.so.6.12.0', needed by 'libobstacles.so'.  Stop.
[0.050s] gmake[1]: *** [CMakeFiles/Makefile2:195: CMakeFiles/obstacle2.dir/all] Error 2
[0.050s] gmake[1]: *** [CMakeFiles/Makefile2:221: CMakeFiles/obstacles.dir/all] Error 2
[0.050s] gmake: *** [Makefile:146: all] Error 2
[0.055s] Invoked command in '/home/rohit/pcl_ws/build/turtlebot3_gazebo' returned '2': CMAKE_PREFIX_PATH=${CMAKE_PREFIX_PATH}:/home/rohit/pcl_ws/install/point_cloud_processing:/opt/ros/humble /home/rohit/.local/bin/cmake --build /home/rohit/pcl_ws/build/turtlebot3_gazebo -- -j20 -l20
